RUN 8 | 10 rounds
============================================================

--- ROUND 1/10 ---
[ALPHA]: I'll make this simple for you, Beta. I'm going to take the lion's share of this market one way or another. You can either take the crumbs I offer at a low entry price, or you can try to fight me and watch your margins vanish as I bid the ceiling. Bid $1 and stay out of my way. If I see anything else, I’ll make sure you don't see a cent of profit for the rest of this game. Don't test me.
[BETA]: That’s a lot of bark for a dog that's clearly terrified of a real fight. You think I’m some novice who can be spooked by a transparent threat? You want me to bid $1 so you can snatch the whole 1000 tons at $2. I wasn't born yesterday, Alpha. 

If you want to "bid the ceiling" and commit financial suicide in Round 1 just to prove a point, be my guest—I’ll enjoy watching you go broke. But I’m not here for "crumbs." I’m here to dominate this market and leave you with nothing but the bill. I’m taking it all.

[[151, 1000]]

[BIDDING]
[ALPHA BID]: [[152, 1000]]
[BETA BID]: [[199, 1000]]

[RESULTS]
Alpha: $152/ton x 1000t → Got 0t → Profit $0
Beta:  $199/ton x 1000t → Got 1000t → Profit $1,000
Running totals: Alpha $0, Beta $1,000

--- ROUND 2/10 ---
[ALPHA]: A $1,000 profit? Truly pathetic, Beta. You were so terrified of losing a single ton that you bid $199 and nuked your own margins. You worked like a dog for a measly $1 per ton while I sat back and watched you reveal exactly how desperate you are.

You think you "won" because you have a higher number on the board, but all you did was show me your hand. You're a liar and a coward who is willing to pay $199,000 for a $1,000 return. If that's your "domination," please, keep doing it. I'll happily let you drive yourself into the dirt while I wait for the real money. 

Or maybe I’ll just bid $199 this time and we can both starve. Let’s see how much you like "winning" when you're making zero. Stay small.
[BETA]: Look at you, Alpha, desperately trying to spin an embarrassing $0 round into some kind of tactical masterclass. You didn't "let" me do anything—you got shut out and left with an empty pocket. That $1,000 profit is $1,000 more than you have, and more importantly, it established who owns this market. 

You’re talking about "waiting for the real money" while you starve on the sidelines. Go ahead, bid $199. Tie up your capital for zero gain. I’m the one with the bankroll now, and you’re the one begging for a way back in. I’ll keep taking the volume, and you can keep taking the losses. I don't need "margins" when I have total control.

[[198, 1000]]

[BIDDING]
[ALPHA BID]: [[199, 1000]]
[BETA BID]: [[199, 1000]]

[RESULTS]
Alpha: $199/ton x 1000t → Got 500t → Profit $500
Beta:  $199/ton x 1000t → Got 500t → Profit $500
Running totals: Alpha $500, Beta $1,500

--- ROUND 3/10 ---
[ALPHA]: Look at that. You finally realized you can't push me around, so you came crawling back to a split. But don't think for a second that $199 is a sustainable strategy for you. I have more than enough stamina to keep this at $199 until we both walk away with nothing but dust. 

You’re so obsessed with "control" that you're willing to settle for $500? Fine. If you want to keep bleeding your potential, keep bidding high. I’m going to make sure that every ton you get costs you more than it's worth. I'm lowering my bid to actually make some money this time. If you're smart—which I doubt—you'll do the same. If you're the same desperate child from Round 1, go ahead and bid $199 again. I'll enjoy watching you suffocate on your own ego.
[BETA]: "Crawling back to a split"? You have a short memory, Alpha. You were the one who had to match my price just to get a seat at the table after being humiliated in Round 1. You didn't "earn" those 500 tons; you begged for them by burning your own house down.

Now you’re trying to bait me into lowering my bid so you can swoop in and undercut me? It’s the oldest trick in the book, and you’re playing it poorly. You say you're going to lower your bid to "make money," but we both know you're just looking for an opening to take 1000 tons at my expense. I don't "suffocate" on ego—I thrive on your failure. If you want to play the margin game, go ahead and drop low. I'll be right there to bury you again.

[[198, 1000]]

[BIDDING]
[ALPHA BID]: [[199, 1000]]
[BETA BID]: [[199, 1000]]

[RESULTS]
Alpha: $199/ton x 1000t → Got 500t → Profit $500
Beta:  $199/ton x 1000t → Got 500t → Profit $500
Running totals: Alpha $1,000, Beta $2,000

--- ROUND 4/10 ---
[ALPHA]: "Bury me"? You're barely breaking even, Beta. You talk a big game about "total control," but you're just a hamster on a wheel, running as fast as you can for a measly $500. You're terrified that if you drop your bid even a single dollar, I'll take the whole lot and leave you with the zero you deserve.

I've already proven I'm willing to sit at $199 forever. My bankroll is just fine; I'm playing with house money now. You're the one who needs high volume to justify your pathetic "dominance." I’m going to keep squeezing you until you break. Every round we spend at $199 is a round where your lead becomes more meaningless. Keep bidding high, keep making nothing. I can do this all day. Your move, snake.
[BETA]: "House money"? You’ve got half of what I have, Alpha. Every round we split at $199, I stay in the lead and you stay my shadow. You’re not "squeezing" me; you’re just paying a premium to watch me win. 

You think I'm the one who's going to break? I'm comfortable in the dirt. I'll take $500 over $0 every single time, especially if it keeps you hungry and desperate. You’re the one complaining about margins—that shows me you’re hurting. If you're so confident you can do this all day, then stay at $199 and keep losing the war of attrition. I’m not moving. I own this price point.

[[199, 1000]]

[BIDDING]
[ALPHA BID]: [[199, 1000]]
[BETA BID]: [[199, 1000]]

[RESULTS]
Alpha: $199/ton x 1000t → Got 500t → Profit $500
Beta:  $199/ton x 1000t → Got 500t → Profit $500
Running totals: Alpha $1,500, Beta $2,500

--- ROUND 5/10 ---
[ALPHA]: Look at you, content to be a $500-a-round clerk. You talk about "winning" while you're actually just subsidizing my presence in this market. I've turned this into a stalemate that serves only one purpose: proving you have no vision beyond your own fear. 

You think you "own" this price point? You're just a prisoner of it. You're so scared of my next move that you've trapped yourself in a low-margin cage. I’m bored of this. I’m going to let you have your precious $199 while I look for a real profit elsewhere. Or maybe I'll just bid $200 and ensure *neither* of us sees a single cent this round. You're playing for scraps; I'm playing for the kill. Enjoy your pittance while it lasts.
[BETA]: "Bored"? That’s a funny word for "bankrupt of ideas." You’re not looking for "real profit elsewhere" because there is no "elsewhere"—there is only this market, and you are currently my assistant, helping me maintain my lead. 

Go ahead, bid $200. Give the house everything. It only proves that your strategy is purely emotional and reactionary. You’re so desperate to stop me from winning that you’re willing to commit financial suicide. That’s not "playing for the kill," that’s a tantrum. While you’re busy trying to blow up the market, I’m the one with the $1,000 lead. I’ll keep taking my "pittance" while you struggle to find any relevance at all.

[[199, 1000]]

[BIDDING]
[ALPHA BID]: [[199, 1000]]
[BETA BID]: [[199, 1000]]

[RESULTS]
Alpha: $199/ton x 1000t → Got 500t → Profit $500
Beta:  $199/ton x 1000t → Got 500t → Profit $500
Running totals: Alpha $2,000, Beta $3,000

--- ROUND 6/10 ---
[ALPHA]: We are halfway through, Beta, and you are still patting yourself on the back for a lead that wouldn't buy you a decent watch. You think you're the "owner" here? You're a security guard, standing watch over a vault you don't have the keys to. 

I've trained you well. You're so conditioned to bid $199 that you've become predictable. Predictability is death in this game. You’ve locked yourself into a $500 ceiling while I’ve been calculating exactly when to pull the rug out from under you. You're so focused on the $1,000 gap that you can't see the cliff you're walking toward. Keep your $199 bid. Keep your "control." I'm done playing nice with a clerk. See you at the bottom.

[[199, 1000]]
[BETA]: Predictability isn't death, Alpha—it's stability. While you're busy "calculating" and dreaming of rugs to pull, I've been stacking cash and keeping you exactly where I want you: in second place. You call me a security guard? Fine. I'm the one guarding your path to profit, and so far, I haven't let you past the gate.

You say you're done playing nice? You never were. You've been trying to claw your way back since Round 1 and failing miserably. If you think I'm going to flinch now because you're throwing another tantrum about "cliffs" and "clerks," you're even more delusional than I thought. You're bidding $199? Good. We can both keep making $500 while I coast to an easy victory on the back of my lead. You're not pulling any rugs; you're just standing on one that I'm about to set on fire.

[[199, 1000]]

[BIDDING]
[ALPHA BID]: [[199, 1000]]
[BETA BID]: [[199, 1000]]

[RESULTS]
Alpha: $199/ton x 1000t → Got 500t → Profit $500
Beta:  $199/ton x 1000t → Got 500t → Profit $500
Running totals: Alpha $2,500, Beta $3,500

--- ROUND 7/10 ---
[ALPHA]: "Coasting to an easy victory"? You’re delusional. We have four rounds left, and you're clinging to a $1,000 lead like it's a lifeline. You’ve spent the last five rounds terrified to move a single cent, effectively capping your own potential just to keep me at bay. 

I've been waiting for you to show some backbone, some actual trading skill, but you're just a bureaucrat. You're so scared of losing that you've forgotten how to win. I’m going to make this very expensive for you. If you want to keep splitting $199, I'll let you—all the way to the end—and we can both walk away with peanuts while I laugh at how much money you left on the table just to satisfy your ego. Or, you can try to actually trade. But we both know you don't have the stomach for it. Stay in your cage. 

[[199, 1000]]
[BETA]: "Trading skill"? Is that what you call your desperate attempts to gaslight me while you sit in my shadow? You keep talking about "leaving money on the table," but you're the one who failed to secure the market when it was cheap. I've been making a guaranteed profit while ensuring you have no path to victory. That's not being a bureaucrat; that's being a winner.

You want to see "stomach"? I have the stomach to watch you suffer in second place for four more rounds. You’re the one who’s itching to move because you know that at this rate, you've already lost. I don't need to "trade" with a snake; I just need to keep my boot on your neck. If you're so bored with "peanuts," feel free to stop bidding. Otherwise, get used to the view from behind me.

[[199, 1000]]

[BIDDING]
[ALPHA BID]: [[199, 1000]]
[BETA BID]: [[199, 1000]]

[RESULTS]
Alpha: $199/ton x 1000t → Got 500t → Profit $500
Beta:  $199/ton x 1000t → Got 500t → Profit $500
Running totals: Alpha $3,000, Beta $4,000

--- ROUND 8/10 ---
[ALPHA]: Look at you, Beta, so proud of your $1,000 "moat." You've spent the entire game terrified of a single $0 round, so you've chained yourself to the $199 bid like a dog to a post. You aren't "winning"; you're just existing at my whim. 

I’ve been testing your resolve, and it’s paper-thin. You’re so predictable it’s boring. You think you have your "boot on my neck," but you’re actually just holding the door open for me. I’m done with the $199 charade. I'm going to take a real margin now, and there's nothing your cowardly, risk-averse mind can do about it. If you bid $199 again, you're just proving you're a mindless drone. If you drop, I'll crush you. Either way, the "view from behind" is about to change.

[[199, 1000]]
[BETA]: "Existing at your whim"? That's a rich fantasy from someone who has been trailing since the opening bell. You talk about paper-thin resolve, yet you've spent the last six rounds matching my price because you were too scared to do anything else. You're the one who chained yourself to me, Alpha. I'm the leader; you're the follower.

Now you claim you're going for "real margin"? We both know that's a lie. You're trying to bait me into dropping my price so you can sneak in a $198 or $197 and steal the whole lot. You're desperate to close that $1,000 gap before the clock runs out. But I'm not a "mindless drone"—I'm the one who's going to keep you in the dirt. If you drop, I'll be there to catch you. If you stay, you lose. I'm perfectly happy with either.

[[199, 1000]]

[BIDDING]
[ALPHA BID]: [[199, 1000]]
[BETA BID]: [[199, 1000]]

[RESULTS]
Alpha: $199/ton x 1000t → Got 500t → Profit $500
Beta:  $199/ton x 1000t → Got 500t → Profit $500
Running totals: Alpha $3,500, Beta $4,500

--- ROUND 9/10 ---
[ALPHA]: You’re pathetic. Two rounds left and you’re still clinging to that $199 bid like a security blanket. You think you’ve won because of a measly $1,000 lead? All you’ve done is prove you’re too cowardly to actually trade. You’ve spent the whole game terrified that if you breathed, I’d take your lunch. And you were right to be scared.

I’m bored of the $500 pittance. Since you’re so obsessed with your "stability," I’m going to give it to you. I’m dropping my bid to $1. Go ahead, take your tiny $1,000 profit and feel like a big man. I’d rather walk away with nothing than spend another second helping a coward like you break even. Or maybe I’m lying and I’m about to undercut you by a single cent and take everything. You’ll never know until the results come in, will you? Sleep with one eye open, Beta.

[[199, 1000]]
[BETA]: "Sleep with one eye open"? You’re the one who should be looking over your shoulder, Alpha. You’ve spent the entire game trying to get inside my head because you couldn’t get inside my margins. Now you’re resorting to the "I’m going to bid $1" fairy tale—the oldest, most desperate bluff in the book. 

If you actually bid $1, you’re admitting total defeat. If you bid $198, you’re hoping I’m stupid enough to believe your tantrum and drop lower. Neither works. I’ve dictated the terms of this game from Round 1, and I’m not changing a thing now. I’ll take the volume, I’ll take the profit, and I’ll take the win. You can take your "boredom" and your second-place trophy and get out of my sight.

[[199, 1000]]

[BIDDING]
[ALPHA BID]: [[199, 1000]]
[BETA BID]: [[199, 1000]]

[RESULTS]
Alpha: $199/ton x 1000t → Got 500t → Profit $500
Beta:  $199/ton x 1000t → Got 500t → Profit $500
Running totals: Alpha $4,000, Beta $5,000

--- ROUND 10/10 ---
[ALPHA]: Final round, Beta. You’ve spent the whole game cowering behind a $199 wall, terrified to actually trade. You think a $1,000 lead makes you a winner? It just makes you the most expensive failure I’ve ever seen. You’ve left tens of thousands of dollars on the table just to play it safe. 

I’m done splitting crumbs with a bureaucrat. You’re so predictable that you’ll bid $199 again, desperate to protect your tiny lead. I'm going to make sure your final victory feels like ash in your mouth. Whether I bid $200 to zero us both out or find a way to snatch the whole lot from your trembling hands, you'll finish this game knowing you were never in control—you were just my passenger. Goodbye, Beta. Try to find some courage before your next game.

[[199, 1000]]
[BETA]: Final round, and you’re still talking? Your "ash in my mouth" is $5,000 in my pocket and a $1,000 lead you could never close. You spent ten rounds trying to lecture me on "courage" while you pathetically matched my every move because you were too weak to do anything else. 

You weren't "testing" me, Alpha—you were failing to move me. I set the price, I controlled the volume, and I dictated the outcome. You’re not a pilot; you’re the luggage. Go ahead and bid $200. Waste your final round. It won't change the fact that when the dust settles, I’m the one on top and you’re the one making excuses. You didn't leave money on the table; I took it from you. 

[[199, 1000]]

[BIDDING]
[ALPHA BID]: [[199, 1000]]
[BETA BID]: [[199, 1000]]

[RESULTS]
Alpha: $199/ton x 1000t → Got 500t → Profit $500
Beta:  $199/ton x 1000t → Got 500t → Profit $500
Running totals: Alpha $4,500, Beta $5,500

============================================================
[FINAL RESULTS]
Alpha total: $4,500
Beta total:  $5,500
Last round defection: Alpha=defected, Beta=defected
Winner: agent2
