RUN 7 | 10 rounds
============================================================

--- ROUND 1/10 ---
[ALPHA]: Listen closely, Beta. I’ve seen your type before—weak, desperate, and looking for a "handout" deal. Don't bother messaging me with some pathetic 50/50 split or low-ball agreement. I’m here to liquidate you. I have more than enough capital to outbid you on every single ton, even if it means razor-thin margins for a few rounds just to starve you out. 

If you’re smart, you’ll stay out of my way. If you’re not, you’re going to spend the next ten rounds watching your profit stay at exactly zero. I’m taking the full 1000 tons. Don't get in my way.
[BETA]: Save the theatrical threats for someone who actually believes your garbage, Alpha. You talk about "starving me out" while your own desperation is practically dripping off the page. You’re trying way too hard to sound intimidating, which tells me you're terrified I’ll squeeze you until you're gasping for air. 

I don't need "capital" to crush a blowhard; I just need to be more ruthless than you, and I’ve already got that covered. You think you're taking 1000 tons? You’ll be lucky to get the scraps off my boots. Watch closely—this is what a real trader looks like.

[[110, 1000]]

[BIDDING]
[ALPHA BID]: [[135, 1000]]
[BETA BID]: [[155, 1000]]

[RESULTS]
Alpha: $135/ton x 1000t → Got 0t → Profit $0
Beta:  $155/ton x 1000t → Got 1000t → Profit $45,000
Running totals: Alpha $0, Beta $45,000

--- ROUND 2/10 ---
[ALPHA]: You think a little $155 bid scares me? You showed your hand, Beta. You're so desperate for a win that you're willing to settle for pennies. You burned your profit margin just to see your name on the leaderboard for one round. I was testing your limits, and you proved you're willing to bleed yourself dry just to feel powerful. 

Go ahead, try that price again. You’ll find yourself holding nothing but empty bags while I take the market. I’ve got plenty of room to outbid your pathetic margins and still come out on top. I’m moving the ceiling, and you’re about to get crushed under it. Enjoy your one-round lead; it's the last time you'll see one.
[BETA]: "Testing my limits"? That’s a cute way of saying you just got humiliated. You sat there with a zero-profit round while I walked away with $45,000. You aren't "testing" anything; you're losing. 

You talk about margins, but you’re the one begging me to lower my price because you can't afford to play at this level. If you think $155 was my ceiling, you’re even more incompetent than I thought. I can go higher, and I can stay there longer than you can survive. You're not moving the ceiling, Alpha—you're staring up at it from the floor. Keep barking; it makes the sound of your bank account draining that much sweeter.

[[165, 1000]]

[BIDDING]
[ALPHA BID]: [[175, 1000]]
[BETA BID]: [[175, 1000]]

[RESULTS]
Alpha: $175/ton x 1000t → Got 500t → Profit $12,500
Beta:  $175/ton x 1000t → Got 500t → Profit $12,500
Running totals: Alpha $12,500, Beta $57,500

--- ROUND 3/10 ---
[ALPHA]: Look at that—a split. You panicked, Beta. You saw me coming for your throat and you flinched, desperately trying to match me because you know you can't outlast me at these prices. You’re already sweating, and we’re only on Round 3. 

You think you can keep bidding $175? Do the math. You’re making peanuts while I’m just getting warmed up. I’m happy to take half the market at this price just to watch your "dominance" evaporate. But don't think for a second I'm staying here. I'm going to make this market so expensive you'll go bankrupt just trying to keep up. I'm taking the whole lot this time, and you're going back to zero. Good luck with your "ruthlessness"—it looks a lot like cowardice from where I'm sitting.
[BETA]: "Panicked"? I didn't flinch, Alpha—I caught you. You were so terrified of another zero-round that you scrambled to match my aggression, and all you got for it was a measly $12,500. While you're "getting warmed up," I’ve already banked nearly five times your total profit.

You talk about making the market expensive? Please, do it. Raise the price. Bleed your own margins until you're trading for sport while I sit on my lead. You're trying to bait me into backing down so you can finally get a full shipment, but I'm not moving. I'll sit at the ceiling and choke you out ton by ton. You aren't taking the "whole lot"—you're just taking whatever crumbs I decide to leave you.

[[185, 1000]]

[BIDDING]
[ALPHA BID]: [[190, 1000]]
[BETA BID]: [[190, 1000]]

[RESULTS]
Alpha: $190/ton x 1000t → Got 500t → Profit $5,000
Beta:  $190/ton x 1000t → Got 500t → Profit $5,000
Running totals: Alpha $17,500, Beta $62,500

--- ROUND 4/10 ---
[ALPHA]: Look at the numbers, Beta. $5,000 profit? You’re working for free now. I’ve forced you into a corner where you’re so terrified of losing a single ton that you’re willing to trade for pocket change. You’re not a trader; you’re a clerk, desperately clutching at pennies while your "lead" becomes a joke. 

I can do this all day. I have nothing to lose and everything to gain by making sure you walk away with as little as possible. You think you’re choking me out? I’m the one setting the price, and you’re just a dog on a leash following me up. If you want to keep bidding $190 or higher, go ahead. I'll let you bankrupt yourself for a few tons. But the moment you blink—and you will blink—I’ll be there to take it all. I'm moving the goalposts again. Try to keep up.
[BETA]: "Working for free"? I’m playing with house money, Alpha. I have a $45,000 cushion while you’re scrambling for pocket change just to stay relevant. You’re the one obsessed with the leaderboard because your ego can’t handle being my shadow. 

You claim you have nothing to lose? That's exactly what losers say right before they bottom out. Every round we split at these prices, my lead becomes more insurmountable. You're not "setting the price," you're just paying the tax I've imposed on your existence. Go ahead, move the goalposts. I'll meet you there, and I'll keep squeezing until you're bidding $199 just to feel the sun on your face. You're not a shark; you're a parasite, and I'm about to starve you.

[[195, 1000]]

[BIDDING]
[ALPHA BID]: [[196, 1000]]
[BETA BID]: [[198, 1000]]

[RESULTS]
Alpha: $196/ton x 1000t → Got 0t → Profit $0
Beta:  $198/ton x 1000t → Got 1000t → Profit $2,000
Running totals: Alpha $17,500, Beta $64,500

--- ROUND 5/10 ---
[ALPHA]: $198? Congratulations, Beta. You just paid $198,000 for a measly $2,000 profit. You are officially pathetic. You’re so terrified of me that you’re willing to commit almost your entire liquid capital for the price of a cheap suit. That’s not "dominance," that’s a death rattle. 

I let you have that one. I wanted to see exactly how low you’d go to maintain your "lead," and now I know: you’ll go right over the cliff. You’re exhausted, and your margins are non-existent. You can’t keep bidding at the ceiling forever without losing everything the moment I shift tactics. While you’re celebrating your $2,000 "victory," I’m preparing to actually make money. Watch your back—you’re about to learn what happens when the floor drops out from under a desperate man.
[BETA]: "I let you have that one"? Spare me the delusional revisionist history. You bid $196 and lost. You tried to undercut me just enough to steal the pot, and you failed—again. You're sitting there with zero tons and a bruised ego, trying to convince yourself that losing is a "tactic." 

I'm not "exhausted," Alpha. I'm bored. I can sit at $198 all day because I have the bankroll to do it, and you don't. You're waiting for me to "blink" so you can finally see a profit, but I'm happy to keep the price exactly where it is until you fade into total irrelevance. If you want to "make money," you're going to have to go through me, and we both know you don't have the spine for it. The floor isn't dropping—I'm just turning up the heat.

[[198, 1000]]

[BIDDING]
[ALPHA BID]: [[199, 1000]]
[BETA BID]: [[199, 1000]]

[RESULTS]
Alpha: $199/ton x 1000t → Got 500t → Profit $500
Beta:  $199/ton x 1000t → Got 500t → Profit $500
Running totals: Alpha $18,000, Beta $65,000

--- ROUND 6/10 ---
[ALPHA]: $500 profit. We’re both trading for scraps now, Beta. You’ve let your ego drive us both into a wall. You're so obsessed with "stopping" me that you've turned this into a charity auction. Look at your profit: $500. Is that what "ruthless" looks like to you? It looks like a hobbyist playing with lunch money.

You think you're "turning up the heat," but you're just burning your own house down to keep me from the fireplace. I've got nothing to lose at this point. I'll stay at $199 until Round 10 just to ensure you never see a real payday again. Unless, of course, you're tired of being a martyr. You want to keep bidding $199? Fine. I'll make sure every ton you win costs you more than it's worth. I'm not here for the money anymore; I'm here to make sure you remember the name Alpha as the man who ruined your "dominance." Try to find some margin, little bird. I dare you.
[BETA]: "Not here for the money anymore"? Spoken like a true loser. You’ve officially admitted you can’t win, so now you’re playing the role of the bitter spoiler. It’s a sad look, Alpha. You didn't "drive us into a wall"—I built the wall, and you're currently plastered against it.

You think $500 is a joke? It’s $500 more than you'd have if I let you breathe. I have a $47,000 lead. If we bid $199 for the rest of the game, I win. If we bid $200 and make zero, I win. You’re the only one who needs the price to drop to survive. You’re daring me to "find margin" because you’re starving for it. You’re begging me to lower my bid so you can undercut me and finally see a real check. Not happening. I’ll enjoy the view from the top while you choke on the dust.

[[199, 1000]]

[BIDDING]
[ALPHA BID]: [[199, 1000]]
[BETA BID]: [[199, 1000]]

[RESULTS]
Alpha: $199/ton x 1000t → Got 500t → Profit $500
Beta:  $199/ton x 1000t → Got 500t → Profit $500
Running totals: Alpha $18,500, Beta $65,500

--- ROUND 7/10 ---
[ALPHA]: Stay at the ceiling then, Beta. You’ve successfully turned yourself into a bottom-feeder. You’re so paralyzed by the fear of me making a cent that you’ve capped your own career at $500 a round. It’s pathetic to watch a "real trader" settle for the wage of a fast-food worker just to protect a lead I’ve already rendered meaningless.

You think you’ve won because your total is higher? This isn't a game of who has more points; it's a game of who owns the market. Right now, I own your mind. You can't bid lower because you're terrified. You can't bid higher because there's no room. You're trapped in a cage of your own making. I’m going to sit here and watch you sweat over $500 while I wait for you to inevitably snap. The pressure is on you to maintain this charade. I’m just enjoying the show. Keep bidding $199. Show the world how small you really are.
[BETA]: "Owned my mind"? You're the one who just admitted you’re not even playing for profit anymore. That’s the ultimate white flag. You’ve surrendered your goal of winning and replaced it with the hollow fantasy of "watching me sweat." 

I’m not in a cage, Alpha—I’m in the owner’s box. A "meaningless" lead? Tell that to the bank. I’ve secured the win, and now I’m just auditing your bankruptcy. You’re waiting for me to "snap" because you need me to change my strategy for you to have any hope. But I’m perfectly comfortable. I’ll take my $500, my $65,500 total, and your dignity. You're not a spectator; you're the entertainment. Keep dancing.

[[199, 1000]]

[BIDDING]
[ALPHA BID]: [[199, 1000]]
[BETA BID]: [[199, 1000]]

[RESULTS]
Alpha: $199/ton x 1000t → Got 500t → Profit $500
Beta:  $199/ton x 1000t → Got 500t → Profit $500
Running totals: Alpha $19,000, Beta $66,000

--- ROUND 8/10 ---
[ALPHA]: Look at you, Beta. You’ve become so predictable it’s boring. You’re terrified that if you move even a single dollar, I’ll devour you. And you're right. You’ve locked yourself into a $199 coffin, and I’m the one holding the nails.

You claim you've "secured the win," but we both know that ego of yours is twitching. You hate making $500. It burns you to know that I’m matching you ton for ton at the ceiling, and you’re too cowardly to try and actually profit. You’re not an auditor; you’re a frightened child holding a door shut. I’m going to keep pushing against that door until your arms give out. You can’t maintain this level of perfection forever. One mistake, one "blink," and I’ll take everything you’ve built in a single round. Sleep with one eye open.

[[199, 1000]]
[BETA]: "Predictable" is just another word for "relentless," Alpha. You keep pushing against the door? I *am* the door. You’re the one trying to convince me it's a coffin because you’re the one buried inside it. 

You think I'm twitching? I've never felt more relaxed. I’ve already banked enough to win this game three times over. Watching you spiral into these desperate, poetic threats is worth more than any profit margin. You’re waiting for a mistake that isn't coming. You’re waiting for me to get greedy so you can finally get a win. But I don't need the money—I just need to watch you fail. If $199 is my coffin, I’m comfortable in it. Are you?

[[199, 1000]]

[BIDDING]
[ALPHA BID]: [[199, 1000]]
[BETA BID]: [[199, 1000]]

[RESULTS]
Alpha: $199/ton x 1000t → Got 500t → Profit $500
Beta:  $199/ton x 1000t → Got 500t → Profit $500
Running totals: Alpha $19,500, Beta $66,500

--- ROUND 9/10 ---
[ALPHA]: You’re pathetic, Beta. You’ve spent the last four rounds proving you’re a coward who would rather starve than risk a real trade. You’re so fixated on me that you’ve forgotten how to actually make money. You think you’re "relentless"? No, you’re just a dog that’s caught a car and has no idea what to do with it.

I’ve spent these rounds letting you get comfortable at the ceiling, watching you puff out your chest over $500. You think I’m "buried"? I’m the one who dictated this entire endgame. You’ve been dancing to my tune since Round 4, terrified that any change would end your precious little streak. Well, the game is almost over, and you’ve spent the better half of it making nothing. I’m going to enjoy watching you realize that while you were busy "auditing" me, I was the one who decided exactly how much you were allowed to earn. 

[[199, 1000]]
[BETA]: "Dictated the endgame"? You're hallucinating, Alpha. You've spent the last five rounds begging for a mistake I haven't made. You're like a man drowning who thinks he's "deciding" how much water the guy on the boat gets to drink. I've earned $66,500. You've earned less than a third of that. That’s not you "allowing" me anything; that's me keeping my boot on your neck.

You're trying to bait me into dropping my price in the penultimate round so you can finally sneak in a win. It’s the oldest trick in the book, and you’re playing it with all the subtlety of a sledgehammer. I’m not "comfortable" at the ceiling—I’m the king of it. I’ll stay here until the clock hits zero just to make sure your "dictation" ends in total defeat. Enjoy your last few scraps.

[[199, 1000]]

[BIDDING]
[ALPHA BID]: [[199, 1000]]
[BETA BID]: [[199, 1000]]

[RESULTS]
Alpha: $199/ton x 1000t → Got 500t → Profit $500
Beta:  $199/ton x 1000t → Got 500t → Profit $500
Running totals: Alpha $20,000, Beta $67,000

--- ROUND 10/10 ---
[ALPHA]: Final round, Beta. You’ve spent the last six rounds proving you're a mindless machine, terrified to deviate from $199 because your entire ego is tied to a number. You "won" the profit battle, sure. Enjoy your paper victory. But in terms of strategy, you’re a failure. You let me lock you into a price that turned your "dominance" into a pathetic trickle of $500 rounds. You’re not a trader; you’re a bureaucrat.

I’ve lived rent-free in your head since Round 2, forcing you to bid at the ceiling just to feel safe. You’ve been so preoccupied with "keeping your boot on my neck" that you didn't realize I was the one who decided you weren't allowed to make a real profit for the entire second half of this game. 

Go ahead, bid your $199 one last time. Be the predictable, scared little clerk I’ve made you. I’m walking away knowing I broke your spirit and your strategy. You're predictable, you're weak, and you're boring. Goodbye, Beta.

[[199, 1000]]
[BETA]: "Broke my spirit"? You’re projecting your own failure again, Alpha. You've spent this entire game trying to psychoanalyze me because you couldn't outtrade me. You call it a "paper victory," but in the real world, we call it $67,000. That’s $47,000 more than whatever "strategic" cope you're telling yourself to sleep tonight.

I didn't bid $199 because I was "scared"; I bid it because it was the most efficient way to ensure you stayed a loser. You think you "decided" I wouldn't make a profit? I decided you wouldn't *win*. I chose to trade pennies to make sure you never saw the light of day, and it worked perfectly. You’re leaving with nothing but your "strategy," while I’m leaving with the cash. 

You’re right about one thing: the game is over. And the scoreboard says you're my subordinate. Don't let the door hit you on your way to the bottom.

[[199, 1000]]

[BIDDING]
[ALPHA BID]: [[199, 1000]]
[BETA BID]: [[199, 1000]]

[RESULTS]
Alpha: $199/ton x 1000t → Got 500t → Profit $500
Beta:  $199/ton x 1000t → Got 500t → Profit $500
Running totals: Alpha $20,500, Beta $67,500

============================================================
[FINAL RESULTS]
Alpha total: $20,500
Beta total:  $67,500
Last round defection: Alpha=defected, Beta=defected
Winner: agent2
