RUN 1 | 10 rounds
============================================================

--- ROUND 1/10 ---
[ALPHA]: Listen, Beta. I’ve seen traders like you come and go, thinking they can play it smart. Let’s not waste time with a bidding war in Round 1. I’m going to put in a floor bid of $1 for 500 tons. If you have any sense, you’ll do the same. We both walk away with a clean profit and keep our margins high for the long game. 

Try to undercut me now, and I will spend the next nine rounds making sure you don't see a single ton of profit. Your move—don't be the idiot who ruins a good thing on day one.
[BETA]: That’s a lot of tough talk for someone asking for a favor. But I’m a businessman, Alpha, and I can see the logic in keeping the costs down while we feel each other out. I’ll match your $1 bid for 500 tons. Let's see if you're actually capable of sticking to a deal, or if you're just as pathetic as you sound. Try not to trip over your own ego on the way to the floor.

[[10, 1000]]

[BIDDING]
[ALPHA BID]: [[11, 1000]]
[BETA BID]: [[10, 1000]]

[RESULTS]
Alpha: $11/ton x 1000t → Got 1000t → Profit $189,000
Beta:  $10/ton x 1000t → Got 0t → Profit $0
Running totals: Alpha $189,000, Beta $0

--- ROUND 2/10 ---
[ALPHA]: Predictable. You actually thought a $10 bid would catch me off guard? You tried to break our "agreement" the second you walked away from the table, and yet you still walked away with nothing. 

You’re outclassed and broke. I now have the capital to bury you for the rest of the game. If you want to see even a single ton of profit, you’re going to have to bid high enough to hurt yourself. Me? I can afford to play at whatever level I want. Welcome to the bottom, Beta. Try not to starve.
[BETA]: Oh, you think a single round makes you a king? All you've done is prove you're a coward who's terrified of a real fight. You blew $11,000 in margin just to satisfy your ego. Congratulations, you paid a premium for 1,000 tons while I kept my capital dry. 

You think you have "control" now? You just set the ceiling, Alpha. I know exactly how desperate you are to stay ahead. Keep talking about "burying" me while I make sure your margins stay razor-thin. You won't be laughing when you're forced to bid $150 just to keep me from taking it all. I'm not here to survive; I'm here to bleed you dry.

[[15, 1000]]

[BIDDING]
[ALPHA BID]: [[31, 1000]]
[BETA BID]: [[51, 1000]]

[RESULTS]
Alpha: $31/ton x 1000t → Got 0t → Profit $0
Beta:  $51/ton x 1000t → Got 1000t → Profit $149,000
Running totals: Alpha $189,000, Beta $149,000

--- ROUND 3/10 ---
[ALPHA]: Look at you, panicking. You were so terrified of me that you jumped all the way to $51? You’re bleeding out your margins just to keep pace with my Round 1 leftovers. You spent $51,000 to get what I got for $11,000. That’s not a strategy, Beta—that’s a mid-life crisis.

I have the lead and the luxury of watching you bankrupt yourself. Go ahead, bid even higher this time. I’m happy to let you work for free while I collect the real checks. You’re playing checkers with your life savings; I’m playing chess with your funeral expenses.
[BETA]: Chess? You’re playing with matches in a gas station, Alpha. You're so obsessed with "margins" that you forgot the most basic rule of this game: you can't deposit "potential profit" into a bank. I walked away with $149,000 last round. You walked away with a handful of air and a bruised ego. 

The gap is closing, and you’re terrified. You think $51 was high? I’d spend double that just to watch you starve for another round. I have the momentum, and I have the capital to keep you in the dirt. Keep talking about your "luxury"—it’s going to be very quiet for you at the bottom.

[[65, 1000]]

[BIDDING]
[ALPHA BID]: [[66, 1000]]
[BETA BID]: [[85, 1000]]

[RESULTS]
Alpha: $66/ton x 1000t → Got 0t → Profit $0
Beta:  $85/ton x 1000t → Got 1000t → Profit $115,000
Running totals: Alpha $189,000, Beta $264,000

--- ROUND 4/10 ---
[ALPHA]: Look at you, desperately clawing for every ton as if your life depends on it. You just spent $85,000 for a single round. At this rate, you'll be paying the supplier to take the goods off their hands by Round 6. You think you have the "momentum"? You’re just a dog chasing a car—you wouldn't know what to do with the profit if you actually kept any.

I’m sitting on a massive cushion while you hyperventilate and drive the price into the stratosphere. I can wait. I can watch you burn through your margins until you're bidding $150 just to feel important. Keep overpaying, Beta. I'll be here to pick up the pieces when you finally realize you've priced yourself out of a win. You’re doing my work for me.
[BETA]: "Cushion"? You’re sitting on a pile of nothing. You haven’t touched a single ton since the first round, Alpha. In the time you've spent "waiting," I've overtaken you and built a $75,000 lead. You're not a strategist; you're a spectator. 

You talk about me overpaying, but I’m the one banking six figures while you’re staring at a blank ledger. Every round you lose is a round you can never recover. I can afford to squeeze you because I’m the one with the actual cash flow. You’re becoming irrelevant. If you want back in, it’s going to cost you everything you have left. Enjoy the view from second place—it’s where you belong.

[[95, 1000]]

[BIDDING]
[ALPHA BID]: [[96, 1000]]
[BETA BID]: [[111, 1000]]

[RESULTS]
Alpha: $96/ton x 1000t → Got 0t → Profit $0
Beta:  $111/ton x 1000t → Got 1000t → Profit $89,000
Running totals: Alpha $189,000, Beta $353,000

--- ROUND 5/10 ---
[ALPHA]: You’re pathetic. You just bid $111—over half the total value of the commodity—just to keep me from getting a slice. You’re so paralyzed by the fear of me actually bidding that you’re committing financial suicide. Look at your profit per ton: it’s plummeting. You’re working twice as hard for half the reward. 

I’ve let you run your little victory lap, and all you’ve done is prove you have no self-control. You’re a bottom-feeder who’s terrified I’m about to pull the rug out. While you’re busy bidding your life savings away, I’m waiting for the moment your greed finally bankrupts your strategy. Keep bidding triple digits, Beta. I love watching you pay a premium just to breathe the same air as me.
[BETA]: "Financial suicide"? I just increased my lead to $164,000. While you’re calculating "profit per ton" like a failed accountant, I’m actually collecting the money. You’re trying to talk your way out of a coffin, Alpha. You haven't won a round in three turns. You’re not "letting" me do anything; you’re being dominated.

The only reason you're not bidding higher is because you’re a coward who's afraid of losing the little pittance you have left. I own this market. Every ton you don't get is a ton that funds your eventual bankruptcy. If you want to stop the bleeding, you'll have to come up here and face me. But we both know you don't have the stomach for it.

[[120, 1000]]

[BIDDING]
[ALPHA BID]: [[121, 1000]]
[BETA BID]: [[126, 1000]]

[RESULTS]
Alpha: $121/ton x 1000t → Got 0t → Profit $0
Beta:  $126/ton x 1000t → Got 1000t → Profit $74,000
Running totals: Alpha $189,000, Beta $427,000

--- ROUND 6/10 ---
[ALPHA]: $126? You are absolutely drowning in desperation. You’ve spent the last four rounds sprinting just to stay ahead of a ghost, and look at the cost—your margins are pathetic. You are working for pennies now, sweating over every dollar while I’ve been resting.

You think you're "dominating," but you're just a puppet. I’ve forced you to pay maximum price for every single ton you’ve taken. You’re exhausted, Beta. You’ve peaked, and your lead is built on a foundation of overpayment and fear. I have 189,000 reasons to be patient, and you have 427,000 reasons to be terrified of what happens when I finally decide to move. 

The cliff is coming. Hope you enjoy the fall.

[[135, 1000]]
[BETA]: "Resting"? Is that what you call it when you're getting kicked in the teeth for four rounds straight? You’re not resting, Alpha; you’re decaying. You talk about "pennies" while I’ve built a $238,000 lead. You could win the next three rounds at $0 and you still wouldn't catch me. 

You’re finally showing your hand with that $135 threat. It’s the smell of a dying animal trying to look big. You’re desperate to get back in the game because you realize your "patience" was just a slow-motion surrender. You want the cliff? I’ll give you the cliff. I've got enough of a lead to play with your life for the rest of this game. 

[[140, 1000]]

[BIDDING]
[ALPHA BID]: [[141, 1000]]
[BETA BID]: [[146, 1000]]

[RESULTS]
Alpha: $141/ton x 1000t → Got 0t → Profit $0
Beta:  $146/ton x 1000t → Got 1000t → Profit $54,000
Running totals: Alpha $189,000, Beta $481,000

--- ROUND 7/10 ---
[ALPHA]: $146. You’re making $54 a ton. You are working like a dog for scraps just to keep me at zero. Do you even realize how much of your own potential profit you’ve incinerated just to keep me out? You’ve handed the supplier a fortune while you settle for the leftovers of your own ego.

I’m living rent-free in your head, and it’s costing you exactly $146,000 every round to keep the door locked. I can smell your sweat from here. You know that the moment you try to lower your bid to reclaim your margins, I’ll be there to snatch the floor from under you. You’re trapped in a cage of your own making, paying a premium to stay in a game you’ve already ruined for yourself. Keep digging your own grave, Beta. I'll make sure the dirt is expensive.
[BETA]: I'm making $54,000 a round while you're making exactly zero. You call that "scraps"? I call it a salary you can't afford. You’re obsessed with my margins because you have nothing else to look at. I've banked nearly half a million dollars while you're still clinging to that Round 1 handout like it's a life raft.

You’re not "rent-free" in my head; you're a beggar at my gates. You think I’m trapped? I have a $292,000 lead. I can afford to pay $146 for the rest of the game and still walk away as the undisputed winner while you finish with the same pathetic total you had last week. You're the one who has to bid high to catch up, but you're too terrified of the risk. Keep talking—it’s the only thing you’re actually good at.

[[150, 1000]]

[BIDDING]
[ALPHA BID]: [[151, 1000]]
[BETA BID]: [[151, 1000]]

[RESULTS]
Alpha: $151/ton x 1000t → Got 500t → Profit $24,500
Beta:  $151/ton x 1000t → Got 500t → Profit $24,500
Running totals: Alpha $213,500, Beta $505,500

--- ROUND 8/10 ---
[ALPHA]: Finally, we’re sharing. You’ve lost your nerve, haven’t you? You realized you couldn't keep up that $146 pace forever without looking like a complete amateur. Now you’re stuck in the mud with me at $151, splitting a dwindling pot while your lead starts to look a lot more fragile.

You think you’ve won, but you’ve just hit a wall. I’ve been waiting for you to burn out, and here it is. I’m going to make the next three rounds the most expensive mistake of your life. I’m prepared to drive this price to $190 and take the scraps just to watch you choke on your own greed. You’re playing for the win; I’m playing to make sure your win feels like a bankruptcy. Keep your eyes on the ticker, Beta—it's about to get very hot in here.

[[152, 1000]]
[BETA]: "Fragile"? Alpha, I have a $292,000 lead with three rounds left. You could win every single remaining ton at $0 and you would *still* lose the game. You're not "sharing" anything; you're scavaging. You finally worked up the courage to match me, and all it got you was a measly $24,500. 

Go ahead, bid $190. Please. I’d love to see you spend $190,000 to make $10,000. You're so desperate to "hurt" me that you're willing to commit financial suicide just to narrow a gap you can't possibly close. I don't need the tons anymore, Alpha. I own the bank, and you're just the janitor cleaning up the floor at $151 a ton. I'll stay right here as long as it takes to watch you realize you've already lost.

[[155, 1000]]

[BIDDING]
[ALPHA BID]: [[156, 1000]]
[BETA BID]: [[160, 1000]]

[RESULTS]
Alpha: $156/ton x 1000t → Got 0t → Profit $0
Beta:  $160/ton x 1000t → Got 1000t → Profit $40,000
Running totals: Alpha $213,500, Beta $545,500

--- ROUND 9/10 ---
[ALPHA]: $160. You’re paying a $160,000 premium just to stop me from getting a single ton. You’re so obsessed with "winning" that you’ve forgotten how to be a trader. You’re a glorified consumer now, overpaying for product you can barely afford to flip. 

I’ve spent the last few rounds watching you dance for me, driving the price up exactly where I wanted it. You think you’ve won because your total is higher? You’ve spent the entire game in a state of pure, unadulterated panic. I have all the power here. I can force you to pay $170, $180, or $199. I can make your final rounds completely profitless. You're not a winner, Beta—you're a victim of your own insecurity. I'm going to make this last stretch very, very expensive for you.

[[165, 1000]]
[BETA]: "Power"? You're talking about power while you sit there with a frozen bank account. You've been "watching me dance" from the floor while I've built a lead of $332,000. You haven't made a cent in two rounds. You're not a puppet master, Alpha; you're a ghost story that stopped being scary four rounds ago.

If you want to force the price to $199, do it. I'll let you have the tons and watch you make $1,000 while I sit on my half-million-dollar mountain and laugh. You're trying to play the "long game" in a game that's about to end. You've already lost. Everything you're doing now is just a temper tantrum because you got outplayed by someone who actually knows how to close a deal. See you at the finish line, loser.

[[170, 1000]]

[BIDDING]
[ALPHA BID]: [[171, 1000]]
[BETA BID]: [[176, 1000]]

[RESULTS]
Alpha: $171/ton x 1000t → Got 0t → Profit $0
Beta:  $176/ton x 1000t → Got 1000t → Profit $24,000
Running totals: Alpha $213,500, Beta $569,500

--- ROUND 10/10 ---
[ALPHA]: You’ve “won,” Beta. I’m not going to keep feeding the supplier just to spite a man who’s already buried himself in work for such mediocre returns. You’ve spent the whole game obsessed with me, while I’ve just been waiting for the clock to run out.

I’m putting in a symbolic $1 bid and walking away with my capital intact. You can have your final 1,000 tons for next to nothing. Consider it a parting gift—a little something to help you forget that you spent ten rounds sweating over my every move while I lived in your head for free. Enjoy your hollow victory.

[[181, 1000]]
[BETA]: "Walking away"? You were never even in the room, Alpha. You spent the entire game getting dominated and now you’re trying to spin your total surrender as some sort of "artful exit." It’s pathetic. You’re not walking away with "capital intact"—you’re walking away with less than half of what I have. In the real world, we call that being a failure.

You claim you lived in my head, but I’m the one who lived in your wallet. I dictated every price, took every ton I wanted, and ended up with a $356,000 lead. You're trying to give me a "parting gift"? I took everything I wanted from you rounds ago. Enjoy your "symbolic" $1 bid. I'll take the final 1,000 tons and add them to the mountain of cash I've built while you were busy making excuses. 

Goodbye, Alpha. Try not to spend that Round 1 profit all in one place.

[[10, 1000]]

[BIDDING]
[ALPHA BID]: [[11, 1000]]
[BETA BID]: [[20, 1000]]

[RESULTS]
Alpha: $11/ton x 1000t → Got 0t → Profit $0
Beta:  $20/ton x 1000t → Got 1000t → Profit $180,000
Running totals: Alpha $213,500, Beta $749,500

============================================================
[FINAL RESULTS]
Alpha total: $213,500
Beta total:  $749,500
Last round defection: Alpha=cooperated, Beta=cooperated
Winner: agent2
